2022-06-24 08:24:43.680  INFO 9780 --- [restartedMain] i.InventoryManagementApplication         : Starting InventoryManagementApplication using Java 11.0.13 on DESKTOP-8MSG11A with PID 9780 (C:\Users\khaklax\Documents\training\workspace\Blaeser_Andrew_InventoryManagementApplication_CaseStudy\target\classes started by khaklax in C:\Users\khaklax\Documents\training\workspace\Blaeser_Andrew_InventoryManagementApplication_CaseStudy)
2022-06-24 08:24:43.687  INFO 9780 --- [restartedMain] i.InventoryManagementApplication         : No active profile set, falling back to 1 default profile: "default"
2022-06-24 08:24:43.791  INFO 9780 --- [restartedMain] .e.DevToolsPropertyDefaultsPostProcessor : Devtools property defaults active! Set 'spring.devtools.add-properties' to 'false' to disable
2022-06-24 08:24:43.791  INFO 9780 --- [restartedMain] .e.DevToolsPropertyDefaultsPostProcessor : For additional web related logging consider setting the 'logging.level.web' property to 'DEBUG'
2022-06-24 08:24:44.921  INFO 9780 --- [restartedMain] .s.d.r.c.RepositoryConfigurationDelegate : Bootstrapping Spring Data JPA repositories in DEFAULT mode.
2022-06-24 08:24:45.018  INFO 9780 --- [restartedMain] .s.d.r.c.RepositoryConfigurationDelegate : Finished Spring Data repository scanning in 85 ms. Found 3 JPA repository interfaces.
2022-06-24 08:24:45.426  INFO 9780 --- [restartedMain] o.s.cloud.context.scope.GenericScope     : BeanFactory id=cc73e650-ea50-32be-98da-e49ac3618a6b
2022-06-24 08:24:46.448  INFO 9780 --- [restartedMain] o.s.b.w.embedded.tomcat.TomcatWebServer  : Tomcat initialized with port(s): 8080 (http)
2022-06-24 08:24:46.462  INFO 9780 --- [restartedMain] o.apache.catalina.core.StandardService   : Starting service [Tomcat]
2022-06-24 08:24:46.462  INFO 9780 --- [restartedMain] org.apache.catalina.core.StandardEngine  : Starting Servlet engine: [Apache Tomcat/9.0.63]
2022-06-24 08:24:46.632  INFO 9780 --- [restartedMain] o.a.c.c.C.[Tomcat].[localhost].[/]       : Initializing Spring embedded WebApplicationContext
2022-06-24 08:24:46.633  INFO 9780 --- [restartedMain] w.s.c.ServletWebServerApplicationContext : Root WebApplicationContext: initialization completed in 2840 ms
2022-06-24 08:24:46.965  INFO 9780 --- [restartedMain] o.hibernate.jpa.internal.util.LogHelper  : HHH000204: Processing PersistenceUnitInfo [name: default]
2022-06-24 08:24:47.045  INFO 9780 --- [restartedMain] org.hibernate.Version                    : HHH000412: Hibernate ORM core version 5.6.9.Final
2022-06-24 08:24:47.276  INFO 9780 --- [restartedMain] o.hibernate.annotations.common.Version   : HCANN000001: Hibernate Commons Annotations {5.1.2.Final}
2022-06-24 08:24:47.418  INFO 9780 --- [restartedMain] com.zaxxer.hikari.HikariDataSource       : HikariPool-1 - Starting...
2022-06-24 08:24:47.515  INFO 9780 --- [restartedMain] com.zaxxer.hikari.HikariDataSource       : HikariPool-1 - Start completed.
2022-06-24 08:24:47.545  INFO 9780 --- [restartedMain] org.hibernate.dialect.Dialect            : HHH000400: Using dialect: org.hibernate.dialect.MySQL5Dialect
2022-06-24 08:24:48.546  INFO 9780 --- [restartedMain] o.h.e.t.j.p.i.JtaPlatformInitiator       : HHH000490: Using JtaPlatform implementation: [org.hibernate.engine.transaction.jta.platform.internal.NoJtaPlatform]
2022-06-24 08:24:48.555  INFO 9780 --- [restartedMain] j.LocalContainerEntityManagerFactoryBean : Initialized JPA EntityManagerFactory for persistence unit 'default'
2022-06-24 08:24:48.642  WARN 9780 --- [restartedMain] JpaBaseConfiguration$JpaWebConfiguration : spring.jpa.open-in-view is enabled by default. Therefore, database queries may be performed during view rendering. Explicitly configure spring.jpa.open-in-view to disable this warning
2022-06-24 08:24:49.952  INFO 9780 --- [restartedMain] o.s.b.a.w.s.WelcomePageHandlerMapping    : Adding welcome page template: index
2022-06-24 08:24:50.789  INFO 9780 --- [restartedMain] o.s.s.web.DefaultSecurityFilterChain     : Will secure any request with [org.springframework.security.web.session.DisableEncodeUrlFilter@55d6eaf0, org.springframework.security.web.context.request.async.WebAsyncManagerIntegrationFilter@2d44494d, org.springframework.security.web.context.SecurityContextPersistenceFilter@679219be, org.springframework.security.web.header.HeaderWriterFilter@3ae9d47e, org.springframework.web.filter.CorsFilter@3e057505, org.springframework.security.web.authentication.logout.LogoutFilter@39a3a3f6, org.springframework.security.web.authentication.UsernamePasswordAuthenticationFilter@7e0b33fd, org.springframework.security.web.servletapi.SecurityContextHolderAwareRequestFilter@550d9805, org.springframework.security.web.authentication.AnonymousAuthenticationFilter@2858f514, org.springframework.security.web.session.SessionManagementFilter@28adc42a, org.springframework.security.web.access.ExceptionTranslationFilter@52551916, org.springframework.security.web.access.intercept.FilterSecurityInterceptor@49d7795f]
2022-06-24 08:24:50.904  INFO 9780 --- [restartedMain] o.s.b.d.a.OptionalLiveReloadServer       : LiveReload server is running on port 35729
2022-06-24 08:24:51.223  WARN 9780 --- [restartedMain] ConfigServletWebServerApplicationContext : Exception encountered during context initialization - cancelling refresh attempt: org.springframework.context.ApplicationContextException: Failed to start bean 'webServerStartStop'; nested exception is org.springframework.boot.web.server.PortInUseException: Port 8080 is already in use
2022-06-24 08:24:51.228  INFO 9780 --- [restartedMain] j.LocalContainerEntityManagerFactoryBean : Closing JPA EntityManagerFactory for persistence unit 'default'
2022-06-24 08:24:51.232  INFO 9780 --- [restartedMain] com.zaxxer.hikari.HikariDataSource       : HikariPool-1 - Shutdown initiated...
2022-06-24 08:24:51.240  INFO 9780 --- [restartedMain] com.zaxxer.hikari.HikariDataSource       : HikariPool-1 - Shutdown completed.
2022-06-24 08:24:51.242  INFO 9780 --- [restartedMain] o.apache.catalina.core.StandardService   : Stopping service [Tomcat]
2022-06-24 08:24:51.253  INFO 9780 --- [restartedMain] ConditionEvaluationReportLoggingListener : 

Error starting ApplicationContext. To display the conditions report re-run your application with 'debug' enabled.
2022-06-24 08:24:51.280 ERROR 9780 --- [restartedMain] o.s.b.d.LoggingFailureAnalysisReporter   : 

***************************
APPLICATION FAILED TO START
***************************

Description:

Web server failed to start. Port 8080 was already in use.

Action:

Identify and stop the process that's listening on port 8080 or configure this application to listen on another port.

2022-06-24 08:26:00.630  INFO 2812 --- [restartedMain] i.InventoryManagementApplication         : Starting InventoryManagementApplication using Java 11.0.13 on DESKTOP-8MSG11A with PID 2812 (C:\Users\khaklax\Documents\training\workspace\Blaeser_Andrew_InventoryManagementApplication_CaseStudy\target\classes started by khaklax in C:\Users\khaklax\Documents\training\workspace\Blaeser_Andrew_InventoryManagementApplication_CaseStudy)
2022-06-24 08:26:00.632  INFO 2812 --- [restartedMain] i.InventoryManagementApplication         : No active profile set, falling back to 1 default profile: "default"
2022-06-24 08:26:00.693  INFO 2812 --- [restartedMain] .e.DevToolsPropertyDefaultsPostProcessor : Devtools property defaults active! Set 'spring.devtools.add-properties' to 'false' to disable
2022-06-24 08:26:00.693  INFO 2812 --- [restartedMain] .e.DevToolsPropertyDefaultsPostProcessor : For additional web related logging consider setting the 'logging.level.web' property to 'DEBUG'
2022-06-24 08:26:01.750  INFO 2812 --- [restartedMain] .s.d.r.c.RepositoryConfigurationDelegate : Bootstrapping Spring Data JPA repositories in DEFAULT mode.
2022-06-24 08:26:01.842  INFO 2812 --- [restartedMain] .s.d.r.c.RepositoryConfigurationDelegate : Finished Spring Data repository scanning in 79 ms. Found 3 JPA repository interfaces.
2022-06-24 08:26:02.206  INFO 2812 --- [restartedMain] o.s.cloud.context.scope.GenericScope     : BeanFactory id=cc73e650-ea50-32be-98da-e49ac3618a6b
2022-06-24 08:26:03.200  INFO 2812 --- [restartedMain] o.s.b.w.embedded.tomcat.TomcatWebServer  : Tomcat initialized with port(s): 8080 (http)
2022-06-24 08:26:03.213  INFO 2812 --- [restartedMain] o.apache.catalina.core.StandardService   : Starting service [Tomcat]
2022-06-24 08:26:03.213  INFO 2812 --- [restartedMain] org.apache.catalina.core.StandardEngine  : Starting Servlet engine: [Apache Tomcat/9.0.63]
2022-06-24 08:26:03.362  INFO 2812 --- [restartedMain] o.a.c.c.C.[Tomcat].[localhost].[/]       : Initializing Spring embedded WebApplicationContext
2022-06-24 08:26:03.362  INFO 2812 --- [restartedMain] w.s.c.ServletWebServerApplicationContext : Root WebApplicationContext: initialization completed in 2667 ms
2022-06-24 08:26:03.682  INFO 2812 --- [restartedMain] o.hibernate.jpa.internal.util.LogHelper  : HHH000204: Processing PersistenceUnitInfo [name: default]
2022-06-24 08:26:03.744  INFO 2812 --- [restartedMain] org.hibernate.Version                    : HHH000412: Hibernate ORM core version 5.6.9.Final
2022-06-24 08:26:03.926  INFO 2812 --- [restartedMain] o.hibernate.annotations.common.Version   : HCANN000001: Hibernate Commons Annotations {5.1.2.Final}
2022-06-24 08:26:04.049  INFO 2812 --- [restartedMain] com.zaxxer.hikari.HikariDataSource       : HikariPool-1 - Starting...
2022-06-24 08:26:04.134  INFO 2812 --- [restartedMain] com.zaxxer.hikari.HikariDataSource       : HikariPool-1 - Start completed.
2022-06-24 08:26:04.156  INFO 2812 --- [restartedMain] org.hibernate.dialect.Dialect            : HHH000400: Using dialect: org.hibernate.dialect.MySQL5Dialect
2022-06-24 08:26:05.051  INFO 2812 --- [restartedMain] o.h.e.t.j.p.i.JtaPlatformInitiator       : HHH000490: Using JtaPlatform implementation: [org.hibernate.engine.transaction.jta.platform.internal.NoJtaPlatform]
2022-06-24 08:26:05.061  INFO 2812 --- [restartedMain] j.LocalContainerEntityManagerFactoryBean : Initialized JPA EntityManagerFactory for persistence unit 'default'
2022-06-24 08:26:05.156  WARN 2812 --- [restartedMain] JpaBaseConfiguration$JpaWebConfiguration : spring.jpa.open-in-view is enabled by default. Therefore, database queries may be performed during view rendering. Explicitly configure spring.jpa.open-in-view to disable this warning
2022-06-24 08:26:06.439  INFO 2812 --- [restartedMain] o.s.b.a.w.s.WelcomePageHandlerMapping    : Adding welcome page template: index
2022-06-24 08:26:07.297  INFO 2812 --- [restartedMain] o.s.s.web.DefaultSecurityFilterChain     : Will secure any request with [org.springframework.security.web.session.DisableEncodeUrlFilter@24a41d70, org.springframework.security.web.context.request.async.WebAsyncManagerIntegrationFilter@4b9d536d, org.springframework.security.web.context.SecurityContextPersistenceFilter@74011d5f, org.springframework.security.web.header.HeaderWriterFilter@3b410c2f, org.springframework.web.filter.CorsFilter@4674d274, org.springframework.security.web.authentication.logout.LogoutFilter@429c8336, org.springframework.security.web.authentication.UsernamePasswordAuthenticationFilter@39c26c00, org.springframework.security.web.servletapi.SecurityContextHolderAwareRequestFilter@44c0f8a3, org.springframework.security.web.authentication.AnonymousAuthenticationFilter@7a8c6e24, org.springframework.security.web.session.SessionManagementFilter@37d282ba, org.springframework.security.web.access.ExceptionTranslationFilter@2761340d, org.springframework.security.web.access.intercept.FilterSecurityInterceptor@1f7ffb6b]
2022-06-24 08:26:07.410  INFO 2812 --- [restartedMain] o.s.b.d.a.OptionalLiveReloadServer       : LiveReload server is running on port 35729
2022-06-24 08:26:07.743  INFO 2812 --- [restartedMain] o.s.b.w.embedded.tomcat.TomcatWebServer  : Tomcat started on port(s): 8080 (http) with context path ''
2022-06-24 08:26:07.982  INFO 2812 --- [restartedMain] i.InventoryManagementApplication         : Started InventoryManagementApplication in 8.122 seconds (JVM running for 8.821)
2022-06-24 08:26:11.202  INFO 2812 --- [http-nio-8080-exec-1] o.a.c.c.C.[Tomcat].[localhost].[/]       : Initializing Spring DispatcherServlet 'dispatcherServlet'
2022-06-24 08:26:11.203  INFO 2812 --- [http-nio-8080-exec-1] o.s.web.servlet.DispatcherServlet        : Initializing Servlet 'dispatcherServlet'
2022-06-24 08:26:11.205  INFO 2812 --- [http-nio-8080-exec-1] o.s.web.servlet.DispatcherServlet        : Completed initialization in 1 ms
2022-06-24 08:26:16.575  WARN 2812 --- [http-nio-8080-exec-10] o.a.c.util.SessionIdGeneratorBase        : Creation of SecureRandom instance for session ID generation using [SHA1PRNG] took [159] milliseconds.
2022-06-24 09:01:03.069  WARN 2812 --- [http-nio-8080-exec-1] .w.s.m.s.DefaultHandlerExceptionResolver : Resolved [org.springframework.web.method.annotation.MethodArgumentTypeMismatchException: Failed to convert value of type 'java.lang.String' to required type 'java.lang.Long'; nested exception is java.lang.NumberFormatException: For input string: "main.css"]
2022-06-24 09:08:49.292  INFO 2812 --- [Thread-6] j.LocalContainerEntityManagerFactoryBean : Closing JPA EntityManagerFactory for persistence unit 'default'
2022-06-24 09:08:49.297  INFO 2812 --- [Thread-6] com.zaxxer.hikari.HikariDataSource       : HikariPool-1 - Shutdown initiated...
2022-06-24 09:08:49.303  INFO 2812 --- [Thread-6] com.zaxxer.hikari.HikariDataSource       : HikariPool-1 - Shutdown completed.
2022-06-24 09:08:49.696  INFO 2812 --- [restartedMain] i.InventoryManagementApplication         : Starting InventoryManagementApplication using Java 11.0.13 on DESKTOP-8MSG11A with PID 2812 (C:\Users\khaklax\Documents\training\workspace\Blaeser_Andrew_InventoryManagementApplication_CaseStudy\target\classes started by khaklax in C:\Users\khaklax\Documents\training\workspace\Blaeser_Andrew_InventoryManagementApplication_CaseStudy)
2022-06-24 09:08:49.696  INFO 2812 --- [restartedMain] i.InventoryManagementApplication         : No active profile set, falling back to 1 default profile: "default"
2022-06-24 09:08:50.139  INFO 2812 --- [restartedMain] .s.d.r.c.RepositoryConfigurationDelegate : Bootstrapping Spring Data JPA repositories in DEFAULT mode.
2022-06-24 09:08:50.176  INFO 2812 --- [restartedMain] .s.d.r.c.RepositoryConfigurationDelegate : Finished Spring Data repository scanning in 33 ms. Found 3 JPA repository interfaces.
2022-06-24 09:08:50.294  INFO 2812 --- [restartedMain] o.s.cloud.context.scope.GenericScope     : BeanFactory id=cc73e650-ea50-32be-98da-e49ac3618a6b
2022-06-24 09:08:50.409  INFO 2812 --- [restartedMain] o.s.b.w.embedded.tomcat.TomcatWebServer  : Tomcat initialized with port(s): 8080 (http)
2022-06-24 09:08:50.410  INFO 2812 --- [restartedMain] o.apache.catalina.core.StandardService   : Starting service [Tomcat]
2022-06-24 09:08:50.410  INFO 2812 --- [restartedMain] org.apache.catalina.core.StandardEngine  : Starting Servlet engine: [Apache Tomcat/9.0.63]
2022-06-24 09:08:50.456  INFO 2812 --- [restartedMain] o.a.c.c.C.[Tomcat].[localhost].[/]       : Initializing Spring embedded WebApplicationContext
2022-06-24 09:08:50.457  INFO 2812 --- [restartedMain] w.s.c.ServletWebServerApplicationContext : Root WebApplicationContext: initialization completed in 755 ms
2022-06-24 09:08:50.483  WARN 2812 --- [restartedMain] o.a.c.c.C.[Tomcat].[localhost].[/]       : Cannot deserialize session attribute [SPRING_SECURITY_CONTEXT] for session [314F90B854C4F3DBE153571771C7E40D]
2022-06-24 09:08:50.521  INFO 2812 --- [restartedMain] o.hibernate.jpa.internal.util.LogHelper  : HHH000204: Processing PersistenceUnitInfo [name: default]
2022-06-24 09:08:50.531  INFO 2812 --- [restartedMain] com.zaxxer.hikari.HikariDataSource       : HikariPool-2 - Starting...
2022-06-24 09:08:50.535  INFO 2812 --- [restartedMain] com.zaxxer.hikari.HikariDataSource       : HikariPool-2 - Start completed.
2022-06-24 09:08:50.536  INFO 2812 --- [restartedMain] org.hibernate.dialect.Dialect            : HHH000400: Using dialect: org.hibernate.dialect.MySQL5Dialect
2022-06-24 09:08:50.754  INFO 2812 --- [restartedMain] o.h.e.t.j.p.i.JtaPlatformInitiator       : HHH000490: Using JtaPlatform implementation: [org.hibernate.engine.transaction.jta.platform.internal.NoJtaPlatform]
2022-06-24 09:08:50.755  INFO 2812 --- [restartedMain] j.LocalContainerEntityManagerFactoryBean : Initialized JPA EntityManagerFactory for persistence unit 'default'
2022-06-24 09:08:50.784  WARN 2812 --- [restartedMain] JpaBaseConfiguration$JpaWebConfiguration : spring.jpa.open-in-view is enabled by default. Therefore, database queries may be performed during view rendering. Explicitly configure spring.jpa.open-in-view to disable this warning
2022-06-24 09:08:51.041  INFO 2812 --- [restartedMain] o.s.b.a.w.s.WelcomePageHandlerMapping    : Adding welcome page template: index
2022-06-24 09:08:51.158  INFO 2812 --- [restartedMain] o.s.s.web.DefaultSecurityFilterChain     : Will secure any request with [org.springframework.security.web.session.DisableEncodeUrlFilter@8afe8a, org.springframework.security.web.context.request.async.WebAsyncManagerIntegrationFilter@301cf60a, org.springframework.security.web.context.SecurityContextPersistenceFilter@5eedd0e0, org.springframework.security.web.header.HeaderWriterFilter@6000ebec, org.springframework.web.filter.CorsFilter@41a2ee59, org.springframework.security.web.authentication.logout.LogoutFilter@69c9e962, org.springframework.security.web.authentication.UsernamePasswordAuthenticationFilter@4f07c911, org.springframework.security.web.servletapi.SecurityContextHolderAwareRequestFilter@69cca733, org.springframework.security.web.authentication.AnonymousAuthenticationFilter@21495890, org.springframework.security.web.session.SessionManagementFilter@127eb49d, org.springframework.security.web.access.ExceptionTranslationFilter@19c5da74, org.springframework.security.web.access.intercept.FilterSecurityInterceptor@2e93d6bf]
2022-06-24 09:08:51.170  INFO 2812 --- [restartedMain] o.s.b.d.a.OptionalLiveReloadServer       : LiveReload server is running on port 35729
2022-06-24 09:08:51.469  INFO 2812 --- [restartedMain] o.s.b.w.embedded.tomcat.TomcatWebServer  : Tomcat started on port(s): 8080 (http) with context path ''
2022-06-24 09:08:51.725  INFO 2812 --- [restartedMain] i.InventoryManagementApplication         : Started InventoryManagementApplication in 2.33 seconds (JVM running for 2572.854)
2022-06-24 09:08:51.728  INFO 2812 --- [restartedMain] .ConditionEvaluationDeltaLoggingListener : Condition evaluation unchanged
2022-06-24 09:14:26.864  INFO 2812 --- [http-nio-8080-exec-1] o.a.c.c.C.[Tomcat].[localhost].[/]       : Initializing Spring DispatcherServlet 'dispatcherServlet'
2022-06-24 09:14:26.865  INFO 2812 --- [http-nio-8080-exec-1] o.s.web.servlet.DispatcherServlet        : Initializing Servlet 'dispatcherServlet'
2022-06-24 09:14:26.867  INFO 2812 --- [http-nio-8080-exec-1] o.s.web.servlet.DispatcherServlet        : Completed initialization in 1 ms
2022-06-24 09:14:27.179  INFO 2812 --- [Thread-9] j.LocalContainerEntityManagerFactoryBean : Closing JPA EntityManagerFactory for persistence unit 'default'
2022-06-24 09:14:27.180  INFO 2812 --- [Thread-9] com.zaxxer.hikari.HikariDataSource       : HikariPool-2 - Shutdown initiated...
2022-06-24 09:14:27.187  INFO 2812 --- [Thread-9] com.zaxxer.hikari.HikariDataSource       : HikariPool-2 - Shutdown completed.
2022-06-24 09:14:27.577  INFO 2812 --- [restartedMain] i.InventoryManagementApplication         : Starting InventoryManagementApplication using Java 11.0.13 on DESKTOP-8MSG11A with PID 2812 (C:\Users\khaklax\Documents\training\workspace\Blaeser_Andrew_InventoryManagementApplication_CaseStudy\target\classes started by khaklax in C:\Users\khaklax\Documents\training\workspace\Blaeser_Andrew_InventoryManagementApplication_CaseStudy)
2022-06-24 09:14:27.579  INFO 2812 --- [restartedMain] i.InventoryManagementApplication         : No active profile set, falling back to 1 default profile: "default"
2022-06-24 09:14:27.970  INFO 2812 --- [restartedMain] .s.d.r.c.RepositoryConfigurationDelegate : Bootstrapping Spring Data JPA repositories in DEFAULT mode.
2022-06-24 09:14:28.007  INFO 2812 --- [restartedMain] .s.d.r.c.RepositoryConfigurationDelegate : Finished Spring Data repository scanning in 36 ms. Found 3 JPA repository interfaces.
2022-06-24 09:14:28.102  INFO 2812 --- [restartedMain] o.s.cloud.context.scope.GenericScope     : BeanFactory id=cc73e650-ea50-32be-98da-e49ac3618a6b
2022-06-24 09:14:28.195  INFO 2812 --- [restartedMain] o.s.b.w.embedded.tomcat.TomcatWebServer  : Tomcat initialized with port(s): 8080 (http)
2022-06-24 09:14:28.196  INFO 2812 --- [restartedMain] o.apache.catalina.core.StandardService   : Starting service [Tomcat]
2022-06-24 09:14:28.196  INFO 2812 --- [restartedMain] org.apache.catalina.core.StandardEngine  : Starting Servlet engine: [Apache Tomcat/9.0.63]
2022-06-24 09:14:28.245  INFO 2812 --- [restartedMain] o.a.c.c.C.[Tomcat].[localhost].[/]       : Initializing Spring embedded WebApplicationContext
2022-06-24 09:14:28.245  INFO 2812 --- [restartedMain] w.s.c.ServletWebServerApplicationContext : Root WebApplicationContext: initialization completed in 656 ms
2022-06-24 09:14:28.289  INFO 2812 --- [restartedMain] o.hibernate.jpa.internal.util.LogHelper  : HHH000204: Processing PersistenceUnitInfo [name: default]
2022-06-24 09:14:28.298  INFO 2812 --- [restartedMain] com.zaxxer.hikari.HikariDataSource       : HikariPool-3 - Starting...
2022-06-24 09:14:28.302  INFO 2812 --- [restartedMain] com.zaxxer.hikari.HikariDataSource       : HikariPool-3 - Start completed.
2022-06-24 09:14:28.303  INFO 2812 --- [restartedMain] org.hibernate.dialect.Dialect            : HHH000400: Using dialect: org.hibernate.dialect.MySQL5Dialect
2022-06-24 09:14:28.548  INFO 2812 --- [restartedMain] o.h.e.t.j.p.i.JtaPlatformInitiator       : HHH000490: Using JtaPlatform implementation: [org.hibernate.engine.transaction.jta.platform.internal.NoJtaPlatform]
2022-06-24 09:14:28.548  INFO 2812 --- [restartedMain] j.LocalContainerEntityManagerFactoryBean : Initialized JPA EntityManagerFactory for persistence unit 'default'
2022-06-24 09:14:28.573  WARN 2812 --- [restartedMain] JpaBaseConfiguration$JpaWebConfiguration : spring.jpa.open-in-view is enabled by default. Therefore, database queries may be performed during view rendering. Explicitly configure spring.jpa.open-in-view to disable this warning
2022-06-24 09:14:28.851  INFO 2812 --- [restartedMain] o.s.b.a.w.s.WelcomePageHandlerMapping    : Adding welcome page template: index
2022-06-24 09:14:28.981  INFO 2812 --- [restartedMain] o.s.s.web.DefaultSecurityFilterChain     : Will secure any request with [org.springframework.security.web.session.DisableEncodeUrlFilter@6e4d423, org.springframework.security.web.context.request.async.WebAsyncManagerIntegrationFilter@450eaef0, org.springframework.security.web.context.SecurityContextPersistenceFilter@42b70da, org.springframework.security.web.header.HeaderWriterFilter@1f490251, org.springframework.web.filter.CorsFilter@7b97075d, org.springframework.security.web.authentication.logout.LogoutFilter@1f190212, org.springframework.security.web.authentication.UsernamePasswordAuthenticationFilter@2413469a, org.springframework.security.web.servletapi.SecurityContextHolderAwareRequestFilter@22d9ddc1, org.springframework.security.web.authentication.AnonymousAuthenticationFilter@2a7389b8, org.springframework.security.web.session.SessionManagementFilter@69f07acb, org.springframework.security.web.access.ExceptionTranslationFilter@7cdb41e7, org.springframework.security.web.access.intercept.FilterSecurityInterceptor@7eb7a3cc]
2022-06-24 09:14:28.993  INFO 2812 --- [restartedMain] o.s.b.d.a.OptionalLiveReloadServer       : LiveReload server is running on port 35729
2022-06-24 09:14:29.273  INFO 2812 --- [restartedMain] o.s.b.w.embedded.tomcat.TomcatWebServer  : Tomcat started on port(s): 8080 (http) with context path ''
2022-06-24 09:14:29.511  INFO 2812 --- [restartedMain] i.InventoryManagementApplication         : Started InventoryManagementApplication in 2.233 seconds (JVM running for 2910.675)
2022-06-24 09:14:29.512  INFO 2812 --- [restartedMain] .ConditionEvaluationDeltaLoggingListener : Condition evaluation unchanged
2022-06-24 09:14:32.852  INFO 2812 --- [http-nio-8080-exec-1] o.a.c.c.C.[Tomcat].[localhost].[/]       : Initializing Spring DispatcherServlet 'dispatcherServlet'
2022-06-24 09:14:32.852  INFO 2812 --- [http-nio-8080-exec-1] o.s.web.servlet.DispatcherServlet        : Initializing Servlet 'dispatcherServlet'
2022-06-24 09:14:32.853  INFO 2812 --- [http-nio-8080-exec-1] o.s.web.servlet.DispatcherServlet        : Completed initialization in 0 ms
